2025/05/23 11:03:53 [notice] 1#1: using the "epoll" event method
2025/05/23 11:03:53 [notice] 1#1: nginx/1.27.5
2025/05/23 11:03:53 [notice] 1#1: built by gcc 12.2.0 (Debian 12.2.0-14) 
2025/05/23 11:03:53 [notice] 1#1: OS: Linux 5.15.167.4-microsoft-standard-WSL2
2025/05/23 11:03:53 [notice] 1#1: getrlimit(RLIMIT_NOFILE): 1048576:1048576
2025/05/23 11:03:53 [notice] 1#1: start worker processes
2025/05/23 11:03:53 [notice] 1#1: start worker process 20
2025/05/23 11:03:53 [notice] 1#1: start worker process 21
2025/05/23 11:03:53 [notice] 1#1: start worker process 22
2025/05/23 11:03:53 [notice] 1#1: start worker process 23
2025/05/23 11:04:13 [notice] 1#1: signal 3 (SIGQUIT) received, shutting down
2025/05/23 11:04:13 [notice] 20#20: gracefully shutting down
2025/05/23 11:04:13 [notice] 21#21: gracefully shutting down
2025/05/23 11:04:13 [notice] 23#23: gracefully shutting down
2025/05/23 11:04:13 [notice] 22#22: gracefully shutting down
2025/05/23 11:04:13 [notice] 20#20: exiting
2025/05/23 11:04:13 [notice] 21#21: exiting
2025/05/23 11:04:13 [notice] 23#23: exiting
2025/05/23 11:04:13 [notice] 22#22: exiting
2025/05/23 11:04:13 [notice] 20#20: exit
2025/05/23 11:04:13 [notice] 21#21: exit
2025/05/23 11:04:13 [notice] 23#23: exit
2025/05/23 11:04:13 [notice] 22#22: exit
2025/05/23 11:04:13 [notice] 1#1: signal 17 (SIGCHLD) received from 22
2025/05/23 11:04:13 [notice] 1#1: worker process 21 exited with code 0
2025/05/23 11:04:13 [notice] 1#1: worker process 20 exited with code 0
2025/05/23 11:04:13 [notice] 1#1: worker process 22 exited with code 0
2025/05/23 11:04:13 [notice] 1#1: worker process 23 exited with code 0
2025/05/23 11:04:13 [notice] 1#1: exit
2025/05/23 11:04:43 [notice] 1#1: using the "epoll" event method
2025/05/23 11:04:43 [notice] 1#1: nginx/1.27.5
2025/05/23 11:04:43 [notice] 1#1: built by gcc 12.2.0 (Debian 12.2.0-14) 
2025/05/23 11:04:43 [notice] 1#1: OS: Linux 5.15.167.4-microsoft-standard-WSL2
2025/05/23 11:04:43 [notice] 1#1: getrlimit(RLIMIT_NOFILE): 1048576:1048576
2025/05/23 11:04:43 [notice] 1#1: start worker processes
2025/05/23 11:04:43 [notice] 1#1: start worker process 20
2025/05/23 11:04:43 [notice] 1#1: start worker process 21
2025/05/23 11:04:43 [notice] 1#1: start worker process 22
2025/05/23 11:04:43 [notice] 1#1: start worker process 23
2025/05/23 11:05:46 [notice] 1#1: signal 3 (SIGQUIT) received, shutting down
2025/05/23 11:05:46 [notice] 20#20: gracefully shutting down
2025/05/23 11:05:46 [notice] 22#22: gracefully shutting down
2025/05/23 11:05:46 [notice] 22#22: exiting
2025/05/23 11:05:46 [notice] 21#21: gracefully shutting down
2025/05/23 11:05:46 [notice] 23#23: gracefully shutting down
2025/05/23 11:05:46 [notice] 23#23: exiting
2025/05/23 11:05:46 [notice] 20#20: exiting
2025/05/23 11:05:46 [notice] 20#20: exit
2025/05/23 11:05:46 [notice] 22#22: exit
2025/05/23 11:05:46 [notice] 21#21: exiting
2025/05/23 11:05:46 [notice] 23#23: exit
2025/05/23 11:05:46 [notice] 21#21: exit
2025/05/23 11:05:47 [notice] 1#1: signal 17 (SIGCHLD) received from 20
2025/05/23 11:05:47 [notice] 1#1: worker process 20 exited with code 0
2025/05/23 11:05:47 [notice] 1#1: signal 29 (SIGIO) received
2025/05/23 11:05:47 [notice] 1#1: signal 17 (SIGCHLD) received from 23
2025/05/23 11:05:47 [notice] 1#1: worker process 21 exited with code 0
2025/05/23 11:05:47 [notice] 1#1: worker process 22 exited with code 0
2025/05/23 11:05:47 [notice] 1#1: worker process 23 exited with code 0
2025/05/23 11:05:47 [notice] 1#1: exit
